+ [[ '' == \c\l\e\a\n ]]
+ echo 'Building GSDCHEM...'
Building GSDCHEM...
+ cd /home/Kate.Zhang/fim1/cv-test/EMC_FV3GFS-GSDCHEM/GSDCHEM
+ ./configure --prefix=/home/Kate.Zhang/fim1/cv-test/EMC_FV3GFS-GSDCHEM/GSDCHEM/GSDCHEM_INSTALL --datarootdir=/home/Kate.Zhang/fim1/cv-test/EMC_FV3GFS-GSDCHEM/GSDCHEM/GSDCHEM_INSTALL --libdir=/home/Kate.Zhang/fim1/cv-test/EMC_FV3GFS-GSDCHEM/GSDCHEM/GSDCHEM_INSTALL
checking for a BSD-compatible install... /bin/install -c
checking whether build environment is sane... yes
checking for a thread-safe mkdir -p... /bin/mkdir -p
checking for gawk... gawk
checking whether make sets $(MAKE)... yes
checking whether make supports nested variables... yes
checking for grep that handles long lines and -e... /bin/grep
checking for a sed that does not truncate output... /bin/sed
checking for cut... /bin/cut
configure: checking environment for ESMFMKFILE...
checking for "/scratch4/NCEPDEV/nems/noscrub/emc.nemspara/soft/esmf/7.1.0r/lib/esmf.mk"... yes
getting ESMF Makefile fragment from environment variable ESMFMKFILE
checking for gcc... gcc
checking whether the C compiler works... yes
checking for C compiler default output file name... a.out
checking for suffix of executables... 
checking whether we are cross compiling... no
checking for suffix of object files... o
checking whether we are using the GNU C compiler... yes
checking whether gcc accepts -g... yes
checking for gcc option to accept ISO C89... none needed
checking for style of include used by make... GNU
checking dependency style of gcc... gcc3
checking for mpiifort... mpiifort
checking whether we are using the GNU Fortran compiler... no
checking whether mpiifort accepts -g... yes
configure: checking compiler for -fp-model option...
adding -fp-model precise option for results consistency
checking for ranlib... ranlib
checking how to run the C preprocessor... gcc -E
checking for egrep... /bin/grep -E
checking for ANSI C header files... yes
checking for sys/types.h... yes
checking for sys/stat.h... yes
checking for stdlib.h... yes
checking for string.h... yes
checking for memory.h... yes
checking for strings.h... yes
checking for inttypes.h... yes
checking for stdint.h... yes
checking for unistd.h... yes
checking for stdlib.h... (cached) yes
checking for string.h... (cached) yes
checking for unistd.h... (cached) yes
checking for stdbool.h that conforms to C99... yes
checking for _Bool... yes
checking for pid_t... yes
checking for bzero... yes
checking for clock_gettime... yes
checking for strerror... yes
checking that generated files are newer than configure... done
configure: creating ./config.status
config.status: creating Makefile
config.status: creating src/Makefile
config.status: creating src/chem/Makefile
config.status: creating src/chem/shr/Makefile
config.status: creating src/chem/gocart/Makefile
config.status: creating src/chem/plume/Makefile
config.status: creating src/chem/vash/Makefile
config.status: creating src/chem/seas/Makefile
config.status: creating src/chem/dust/Makefile
config.status: creating src/chem/aero/Makefile
config.status: creating src/chem/dep/Makefile
config.status: creating src/chem/opt/Makefile
config.status: creating config.h
config.status: executing depfiles commands

gsdchem version 0.1 successfully configured.

Configuration settings:
=======================
  CC        = gcc
  CFLAGS    = -g -O2

  CPP       = gcc -E
  CPPFLAGS  = 

  FC        = mpiifort
  FCFLAGS   = -fp-model precise  -g -traceback -fp-model precise -O2 -fPIC -assume realloc_lhs -m64 -mcmodel=small -threads  -openmp -I/scratch4/NCEPDEV/nems/noscrub/emc.nemspara/soft/esmf/7.1.0r/mod -I/scratch4/NCEPDEV/nems/noscrub/emc.nemspara/soft/esmf/7.1.0r/include -I/apps/netcdf/4.3.0-intel/include -DESMF_NO_INTEGER_1_BYTE -DESMF_NO_INTEGER_2_BYTE -DESMF_LAPACK=1 -DESMF_LAPACK_INTERNAL=1 -DESMF_MOAB=1 -DESMF_NO_ACC_SOFTWARE_STACK=1 -DESMF_NETCDF=1 -DESMF_PIO=1 -DESMF_MPIIO -DESMF_NO_OPENACC -DESMF_TESTCOMPTUNNEL -DSx86_64_small=1 -DESMF_OS_Linux=1

  LDFLAGS   = 
  LIBS      = 
  FCLIBS    =   -m64 -mcmodel=small -threads -Wl,--no-as-needed  -openmp -L/scratch4/NCEPDEV/nems/noscrub/emc.nemspara/soft/esmf/7.1.0r/lib -L/apps/netcdf/4.3.0-intel/lib  -Wl,-rpath,/scratch4/NCEPDEV/nems/noscrub/emc.nemspara/soft/esmf/7.1.0r/lib  -Wl,-rpath,/apps/netcdf/4.3.0-intel/lib -lesmf  -cxxlib -lrt -ldl -lnetcdff -lnetcdf
=======================
NOTE: Settings imported from ESMF Makefile fragment: /scratch4/NCEPDEV/nems/noscrub/emc.nemspara/soft/esmf/7.1.0r/lib/esmf.mk

Type 'make' to build.
+ [[ 0 != \0 ]]
+ make
make  all-recursive
make[1]: Entering directory `/scratch4/BMC/fim/lzhang/cv-test/EMC_FV3GFS-GSDCHEM/GSDCHEM'
Making all in src
make[2]: Entering directory `/scratch4/BMC/fim/lzhang/cv-test/EMC_FV3GFS-GSDCHEM/GSDCHEM/src'
Making all in chem
make[3]: Entering directory `/scratch4/BMC/fim/lzhang/cv-test/EMC_FV3GFS-GSDCHEM/GSDCHEM/src/chem'
Making all in shr
make[4]: Entering directory `/scratch4/BMC/fim/lzhang/cv-test/EMC_FV3GFS-GSDCHEM/GSDCHEM/src/chem/shr'
mpiifort -DHAVE_CONFIG_H -I. -I../../..    -I . -fp-model precise  -g -traceback -fp-model precise -O2 -fPIC -assume realloc_lhs -m64 -mcmodel=small -threads  -openmp -I/scratch4/NCEPDEV/nems/noscrub/emc.nemspara/soft/esmf/7.1.0r/mod -I/scratch4/NCEPDEV/nems/noscrub/emc.nemspara/soft/esmf/7.1.0r/include -I/apps/netcdf/4.3.0-intel/include -DESMF_NO_INTEGER_1_BYTE -DESMF_NO_INTEGER_2_BYTE -DESMF_LAPACK=1 -DESMF_LAPACK_INTERNAL=1 -DESMF_MOAB=1 -DESMF_NO_ACC_SOFTWARE_STACK=1 -DESMF_NETCDF=1 -DESMF_PIO=1 -DESMF_MPIIO -DESMF_NO_OPENACC -DESMF_TESTCOMPTUNNEL -DSx86_64_small=1 -DESMF_OS_Linux=1 -c -o libshr_a-chem_rc_mod.o `test -f 'chem_rc_mod.F90' || echo './'`chem_rc_mod.F90
mpiifort -DHAVE_CONFIG_H -I. -I../../..    -I . -fp-model precise  -g -traceback -fp-model precise -O2 -fPIC -assume realloc_lhs -m64 -mcmodel=small -threads  -openmp -I/scratch4/NCEPDEV/nems/noscrub/emc.nemspara/soft/esmf/7.1.0r/mod -I/scratch4/NCEPDEV/nems/noscrub/emc.nemspara/soft/esmf/7.1.0r/include -I/apps/netcdf/4.3.0-intel/include -DESMF_NO_INTEGER_1_BYTE -DESMF_NO_INTEGER_2_BYTE -DESMF_LAPACK=1 -DESMF_LAPACK_INTERNAL=1 -DESMF_MOAB=1 -DESMF_NO_ACC_SOFTWARE_STACK=1 -DESMF_NETCDF=1 -DESMF_PIO=1 -DESMF_MPIIO -DESMF_NO_OPENACC -DESMF_TESTCOMPTUNNEL -DSx86_64_small=1 -DESMF_OS_Linux=1 -c -o libshr_a-chem_types_mod.o `test -f 'chem_types_mod.F90' || echo './'`chem_types_mod.F90
mpiifort -DHAVE_CONFIG_H -I. -I../../..    -I . -fp-model precise  -g -traceback -fp-model precise -O2 -fPIC -assume realloc_lhs -m64 -mcmodel=small -threads  -openmp -I/scratch4/NCEPDEV/nems/noscrub/emc.nemspara/soft/esmf/7.1.0r/mod -I/scratch4/NCEPDEV/nems/noscrub/emc.nemspara/soft/esmf/7.1.0r/include -I/apps/netcdf/4.3.0-intel/include -DESMF_NO_INTEGER_1_BYTE -DESMF_NO_INTEGER_2_BYTE -DESMF_LAPACK=1 -DESMF_LAPACK_INTERNAL=1 -DESMF_MOAB=1 -DESMF_NO_ACC_SOFTWARE_STACK=1 -DESMF_NETCDF=1 -DESMF_PIO=1 -DESMF_MPIIO -DESMF_NO_OPENACC -DESMF_TESTCOMPTUNNEL -DSx86_64_small=1 -DESMF_OS_Linux=1 -c -o libshr_a-chem_clock_mod.o `test -f 'chem_clock_mod.F90' || echo './'`chem_clock_mod.F90
mpiifort -DHAVE_CONFIG_H -I. -I../../..    -I . -fp-model precise  -g -traceback -fp-model precise -O2 -fPIC -assume realloc_lhs -m64 -mcmodel=small -threads  -openmp -I/scratch4/NCEPDEV/nems/noscrub/emc.nemspara/soft/esmf/7.1.0r/mod -I/scratch4/NCEPDEV/nems/noscrub/emc.nemspara/soft/esmf/7.1.0r/include -I/apps/netcdf/4.3.0-intel/include -DESMF_NO_INTEGER_1_BYTE -DESMF_NO_INTEGER_2_BYTE -DESMF_LAPACK=1 -DESMF_LAPACK_INTERNAL=1 -DESMF_MOAB=1 -DESMF_NO_ACC_SOFTWARE_STACK=1 -DESMF_NETCDF=1 -DESMF_PIO=1 -DESMF_MPIIO -DESMF_NO_OPENACC -DESMF_TESTCOMPTUNNEL -DSx86_64_small=1 -DESMF_OS_Linux=1 -c -o libshr_a-chem_comm_mod.o `test -f 'chem_comm_mod.F90' || echo './'`chem_comm_mod.F90
mpiifort -DHAVE_CONFIG_H -I. -I../../..    -I . -fp-model precise  -g -traceback -fp-model precise -O2 -fPIC -assume realloc_lhs -m64 -mcmodel=small -threads  -openmp -I/scratch4/NCEPDEV/nems/noscrub/emc.nemspara/soft/esmf/7.1.0r/mod -I/scratch4/NCEPDEV/nems/noscrub/emc.nemspara/soft/esmf/7.1.0r/include -I/apps/netcdf/4.3.0-intel/include -DESMF_NO_INTEGER_1_BYTE -DESMF_NO_INTEGER_2_BYTE -DESMF_LAPACK=1 -DESMF_LAPACK_INTERNAL=1 -DESMF_MOAB=1 -DESMF_NO_ACC_SOFTWARE_STACK=1 -DESMF_NETCDF=1 -DESMF_PIO=1 -DESMF_MPIIO -DESMF_NO_OPENACC -DESMF_TESTCOMPTUNNEL -DSx86_64_small=1 -DESMF_OS_Linux=1 -c -o libshr_a-chem_species_mod.o `test -f 'chem_species_mod.F90' || echo './'`chem_species_mod.F90
mpiifort -DHAVE_CONFIG_H -I. -I../../..    -I . -fp-model precise  -g -traceback -fp-model precise -O2 -fPIC -assume realloc_lhs -m64 -mcmodel=small -threads  -openmp -I/scratch4/NCEPDEV/nems/noscrub/emc.nemspara/soft/esmf/7.1.0r/mod -I/scratch4/NCEPDEV/nems/noscrub/emc.nemspara/soft/esmf/7.1.0r/include -I/apps/netcdf/4.3.0-intel/include -DESMF_NO_INTEGER_1_BYTE -DESMF_NO_INTEGER_2_BYTE -DESMF_LAPACK=1 -DESMF_LAPACK_INTERNAL=1 -DESMF_MOAB=1 -DESMF_NO_ACC_SOFTWARE_STACK=1 -DESMF_NETCDF=1 -DESMF_PIO=1 -DESMF_MPIIO -DESMF_NO_OPENACC -DESMF_TESTCOMPTUNNEL -DSx86_64_small=1 -DESMF_OS_Linux=1 -c -o libshr_a-chem_config_mod.o `test -f 'chem_config_mod.F90' || echo './'`chem_config_mod.F90
mpiifort -DHAVE_CONFIG_H -I. -I../../..    -I . -fp-model precise  -g -traceback -fp-model precise -O2 -fPIC -assume realloc_lhs -m64 -mcmodel=small -threads  -openmp -I/scratch4/NCEPDEV/nems/noscrub/emc.nemspara/soft/esmf/7.1.0r/mod -I/scratch4/NCEPDEV/nems/noscrub/emc.nemspara/soft/esmf/7.1.0r/include -I/apps/netcdf/4.3.0-intel/include -DESMF_NO_INTEGER_1_BYTE -DESMF_NO_INTEGER_2_BYTE -DESMF_LAPACK=1 -DESMF_LAPACK_INTERNAL=1 -DESMF_MOAB=1 -DESMF_NO_ACC_SOFTWARE_STACK=1 -DESMF_NETCDF=1 -DESMF_PIO=1 -DESMF_MPIIO -DESMF_NO_OPENACC -DESMF_TESTCOMPTUNNEL -DSx86_64_small=1 -DESMF_OS_Linux=1 -c -o libshr_a-chem_const_mod.o `test -f 'chem_const_mod.F90' || echo './'`chem_const_mod.F90
mpiifort -DHAVE_CONFIG_H -I. -I../../..    -I . -fp-model precise  -g -traceback -fp-model precise -O2 -fPIC -assume realloc_lhs -m64 -mcmodel=small -threads  -openmp -I/scratch4/NCEPDEV/nems/noscrub/emc.nemspara/soft/esmf/7.1.0r/mod -I/scratch4/NCEPDEV/nems/noscrub/emc.nemspara/soft/esmf/7.1.0r/include -I/apps/netcdf/4.3.0-intel/include -DESMF_NO_INTEGER_1_BYTE -DESMF_NO_INTEGER_2_BYTE -DESMF_LAPACK=1 -DESMF_LAPACK_INTERNAL=1 -DESMF_MOAB=1 -DESMF_NO_ACC_SOFTWARE_STACK=1 -DESMF_NETCDF=1 -DESMF_PIO=1 -DESMF_MPIIO -DESMF_NO_OPENACC -DESMF_TESTCOMPTUNNEL -DSx86_64_small=1 -DESMF_OS_Linux=1 -c -o libshr_a-chem_data_mod.o `test -f 'chem_data_mod.F90' || echo './'`chem_data_mod.F90
mpiifort -DHAVE_CONFIG_H -I. -I../../..    -I . -fp-model precise  -g -traceback -fp-model precise -O2 -fPIC -assume realloc_lhs -m64 -mcmodel=small -threads  -openmp -I/scratch4/NCEPDEV/nems/noscrub/emc.nemspara/soft/esmf/7.1.0r/mod -I/scratch4/NCEPDEV/nems/noscrub/emc.nemspara/soft/esmf/7.1.0r/include -I/apps/netcdf/4.3.0-intel/include -DESMF_NO_INTEGER_1_BYTE -DESMF_NO_INTEGER_2_BYTE -DESMF_LAPACK=1 -DESMF_LAPACK_INTERNAL=1 -DESMF_MOAB=1 -DESMF_NO_ACC_SOFTWARE_STACK=1 -DESMF_NETCDF=1 -DESMF_PIO=1 -DESMF_MPIIO -DESMF_NO_OPENACC -DESMF_TESTCOMPTUNNEL -DSx86_64_small=1 -DESMF_OS_Linux=1 -c -o libshr_a-chem_domain_mod.o `test -f 'chem_domain_mod.F90' || echo './'`chem_domain_mod.F90
mpiifort -DHAVE_CONFIG_H -I. -I../../..    -I . -fp-model precise  -g -traceback -fp-model precise -O2 -fPIC -assume realloc_lhs -m64 -mcmodel=small -threads  -openmp -I/scratch4/NCEPDEV/nems/noscrub/emc.nemspara/soft/esmf/7.1.0r/mod -I/scratch4/NCEPDEV/nems/noscrub/emc.nemspara/soft/esmf/7.1.0r/include -I/apps/netcdf/4.3.0-intel/include -DESMF_NO_INTEGER_1_BYTE -DESMF_NO_INTEGER_2_BYTE -DESMF_LAPACK=1 -DESMF_LAPACK_INTERNAL=1 -DESMF_MOAB=1 -DESMF_NO_ACC_SOFTWARE_STACK=1 -DESMF_NETCDF=1 -DESMF_PIO=1 -DESMF_MPIIO -DESMF_NO_OPENACC -DESMF_TESTCOMPTUNNEL -DSx86_64_small=1 -DESMF_OS_Linux=1 -c -o libshr_a-chem_iolayout_mod.o `test -f 'chem_iolayout_mod.F90' || echo './'`chem_iolayout_mod.F90
mpiifort -DHAVE_CONFIG_H -I. -I../../..    -I . -fp-model precise  -g -traceback -fp-model precise -O2 -fPIC -assume realloc_lhs -m64 -mcmodel=small -threads  -openmp -I/scratch4/NCEPDEV/nems/noscrub/emc.nemspara/soft/esmf/7.1.0r/mod -I/scratch4/NCEPDEV/nems/noscrub/emc.nemspara/soft/esmf/7.1.0r/include -I/apps/netcdf/4.3.0-intel/include -DESMF_NO_INTEGER_1_BYTE -DESMF_NO_INTEGER_2_BYTE -DESMF_LAPACK=1 -DESMF_LAPACK_INTERNAL=1 -DESMF_MOAB=1 -DESMF_NO_ACC_SOFTWARE_STACK=1 -DESMF_NETCDF=1 -DESMF_PIO=1 -DESMF_MPIIO -DESMF_NO_OPENACC -DESMF_TESTCOMPTUNNEL -DSx86_64_small=1 -DESMF_OS_Linux=1 -c -o libshr_a-chem_state_mod.o `test -f 'chem_state_mod.F90' || echo './'`chem_state_mod.F90
mpiifort -DHAVE_CONFIG_H -I. -I../../..    -I . -fp-model precise  -g -traceback -fp-model precise -O2 -fPIC -assume realloc_lhs -m64 -mcmodel=small -threads  -openmp -I/scratch4/NCEPDEV/nems/noscrub/emc.nemspara/soft/esmf/7.1.0r/mod -I/scratch4/NCEPDEV/nems/noscrub/emc.nemspara/soft/esmf/7.1.0r/include -I/apps/netcdf/4.3.0-intel/include -DESMF_NO_INTEGER_1_BYTE -DESMF_NO_INTEGER_2_BYTE -DESMF_LAPACK=1 -DESMF_LAPACK_INTERNAL=1 -DESMF_MOAB=1 -DESMF_NO_ACC_SOFTWARE_STACK=1 -DESMF_NETCDF=1 -DESMF_PIO=1 -DESMF_MPIIO -DESMF_NO_OPENACC -DESMF_TESTCOMPTUNNEL -DSx86_64_small=1 -DESMF_OS_Linux=1 -c -o libshr_a-chem_model_mod.o `test -f 'chem_model_mod.F90' || echo './'`chem_model_mod.F90
mpiifort -DHAVE_CONFIG_H -I. -I../../..    -I . -fp-model precise  -g -traceback -fp-model precise -O2 -fPIC -assume realloc_lhs -m64 -mcmodel=small -threads  -openmp -I/scratch4/NCEPDEV/nems/noscrub/emc.nemspara/soft/esmf/7.1.0r/mod -I/scratch4/NCEPDEV/nems/noscrub/emc.nemspara/soft/esmf/7.1.0r/include -I/apps/netcdf/4.3.0-intel/include -DESMF_NO_INTEGER_1_BYTE -DESMF_NO_INTEGER_2_BYTE -DESMF_LAPACK=1 -DESMF_LAPACK_INTERNAL=1 -DESMF_MOAB=1 -DESMF_NO_ACC_SOFTWARE_STACK=1 -DESMF_NETCDF=1 -DESMF_PIO=1 -DESMF_MPIIO -DESMF_NO_OPENACC -DESMF_TESTCOMPTUNNEL -DSx86_64_small=1 -DESMF_OS_Linux=1 -c -o libshr_a-chem_io_mod.o `test -f 'chem_io_mod.F90' || echo './'`chem_io_mod.F90
mpiifort -DHAVE_CONFIG_H -I. -I../../..    -I . -fp-model precise  -g -traceback -fp-model precise -O2 -fPIC -assume realloc_lhs -m64 -mcmodel=small -threads  -openmp -I/scratch4/NCEPDEV/nems/noscrub/emc.nemspara/soft/esmf/7.1.0r/mod -I/scratch4/NCEPDEV/nems/noscrub/emc.nemspara/soft/esmf/7.1.0r/include -I/apps/netcdf/4.3.0-intel/include -DESMF_NO_INTEGER_1_BYTE -DESMF_NO_INTEGER_2_BYTE -DESMF_LAPACK=1 -DESMF_LAPACK_INTERNAL=1 -DESMF_MOAB=1 -DESMF_NO_ACC_SOFTWARE_STACK=1 -DESMF_NETCDF=1 -DESMF_PIO=1 -DESMF_MPIIO -DESMF_NO_OPENACC -DESMF_TESTCOMPTUNNEL -DSx86_64_small=1 -DESMF_OS_Linux=1 -c -o libshr_a-chem_iodata_mod.o `test -f 'chem_iodata_mod.F90' || echo './'`chem_iodata_mod.F90
