This file contains any messages produced by compilers while
running configure, to aid debugging if configure makes a mistake.

It was created by gsdchem configure 0.1, which was
generated by GNU Autoconf 2.69.  Invocation command line was

  $ ./configure --prefix=/home/Kate.Zhang/fim1/EMC_FV3/EMC_FV3GFS-GSDCHEM/GSDCHEM/GSDCHEM_INSTALL --datarootdir=/home/Kate.Zhang/fim1/EMC_FV3/EMC_FV3GFS-GSDCHEM/GSDCHEM/GSDCHEM_INSTALL --libdir=/home/Kate.Zhang/fim1/EMC_FV3/EMC_FV3GFS-GSDCHEM/GSDCHEM/GSDCHEM_INSTALL

## --------- ##
## Platform. ##
## --------- ##

hostname = tfe03
uname -m = x86_64
uname -r = 3.10.0-862.3.3.el7.x86_64
uname -s = Linux
uname -v = #1 SMP Wed Jun 13 05:44:23 EDT 2018

/usr/bin/uname -p = x86_64
/bin/uname -X     = unknown

/bin/arch              = x86_64
/usr/bin/arch -k       = unknown
/usr/convex/getsysinfo = unknown
/usr/bin/hostinfo      = unknown
/bin/machine           = unknown
/usr/bin/oslevel       = unknown
/bin/universe          = unknown

PATH: /scratch4/NCEPDEV/nems/noscrub/emc.nemspara/soft/esmf/7.1.0r/bin
PATH: /apps/pnetcdf/1.5.0-intel-impi/bin
PATH: /apps/netcdf/4.3.0-intel/bin
PATH: /apps/intel/impi/5.1.1.109/intel64/bin
PATH: /apps/intel/composer_xe_2015.1.133/mpirt/bin/intel64
PATH: /apps/intel/composer_xe_2015.1.133/bin/intel64
PATH: /apps/intel/composer_xe_2015.1.133/debugger/gdb/intel64_mic/py27/py27/bin
PATH: /apps/intel/composer_xe_2015.1.133/debugger/gdb/intel64/py27/bin
PATH: /apps/intel/composer_xe_2015.1.133/debugger/gui/intel64
PATH: /apps/intel/composer_xe_2015.1.133/bin/intel64_mic
PATH: /whome/jacquesm/sms-2.9.1.20BM/bin
PATH: /whome/jacquesm/sms-2.9.1.20BM/lib
PATH: /usr/lib64/qt-3.3/bin
PATH: /usr/local/bin
PATH: /bin
PATH: /usr/bin
PATH: /usr/local/sbin
PATH: /usr/sbin
PATH: /apps/moab/default/moab/tools
PATH: /apps/moab/default/bin
PATH: /apps/moab/default/sbin
PATH: /apps/torque/default/bin
PATH: /apps/torque/default/sbin
PATH: /apps/mam/default/bin
PATH: /apps/mam/default/sbin
PATH: /apps/local/bin
PATH: /apps/local/sbin
PATH: .
PATH: /scratch4/NCEPDEV/nems/save/Gerhard.Theurich/bin
PATH: /glade/p/work/theurich/bin


## ----------- ##
## Core tests. ##
## ----------- ##

configure:2302: checking for a BSD-compatible install
configure:2370: result: /bin/install -c
configure:2381: checking whether build environment is sane
configure:2436: result: yes
configure:2587: checking for a thread-safe mkdir -p
configure:2626: result: /bin/mkdir -p
configure:2633: checking for gawk
configure:2649: found /bin/gawk
configure:2660: result: gawk
configure:2671: checking whether make sets $(MAKE)
configure:2693: result: yes
configure:2722: checking whether make supports nested variables
configure:2739: result: yes
configure:2826: checking for grep that handles long lines and -e
configure:2884: result: /bin/grep
configure:2889: checking for a sed that does not truncate output
configure:2953: result: /bin/sed
configure:2960: checking for cut
configure:2978: found /bin/cut
configure:2990: result: /bin/cut
configure:3039: checking environment for ESMFMKFILE...
configure:3042: checking for "/scratch4/NCEPDEV/nems/noscrub/emc.nemspara/soft/esmf/7.1.0r/lib/esmf.mk"
configure:3056: result: yes
configure:3061: result: getting ESMF Makefile fragment from environment variable ESMFMKFILE
configure:3120: checking for gcc
configure:3136: found /bin/gcc
configure:3147: result: gcc
configure:3376: checking for C compiler version
configure:3385: gcc --version >&5
gcc (GCC) 4.8.5 20150623 (Red Hat 4.8.5-28)
Copyright (C) 2015 Free Software Foundation, Inc.
This is free software; see the source for copying conditions.  There is NO
warranty; not even for MERCHANTABILITY or FITNESS FOR A PARTICULAR PURPOSE.

configure:3396: $? = 0
configure:3385: gcc -v >&5
Using built-in specs.
COLLECT_GCC=gcc
COLLECT_LTO_WRAPPER=/usr/libexec/gcc/x86_64-redhat-linux/4.8.5/lto-wrapper
Target: x86_64-redhat-linux
Configured with: ../configure --prefix=/usr --mandir=/usr/share/man --infodir=/usr/share/info --with-bugurl=http://bugzilla.redhat.com/bugzilla --enable-bootstrap --enable-shared --enable-threads=posix --enable-checking=release --with-system-zlib --enable-__cxa_atexit --disable-libunwind-exceptions --enable-gnu-unique-object --enable-linker-build-id --with-linker-hash-style=gnu --enable-languages=c,c++,objc,obj-c++,java,fortran,ada,go,lto --enable-plugin --enable-initfini-array --disable-libgcj --with-isl=/builddir/build/BUILD/gcc-4.8.5-20150702/obj-x86_64-redhat-linux/isl-install --with-cloog=/builddir/build/BUILD/gcc-4.8.5-20150702/obj-x86_64-redhat-linux/cloog-install --enable-gnu-indirect-function --with-tune=generic --with-arch_32=x86-64 --build=x86_64-redhat-linux
Thread model: posix
gcc version 4.8.5 20150623 (Red Hat 4.8.5-28) (GCC) 
configure:3396: $? = 0
configure:3385: gcc -V >&5
gcc: error: unrecognized command line option '-V'
gcc: fatal error: no input files
compilation terminated.
configure:3396: $? = 4
configure:3385: gcc -qversion >&5
gcc: error: unrecognized command line option '-qversion'
gcc: fatal error: no input files
compilation terminated.
configure:3396: $? = 4
configure:3416: checking whether the C compiler works
configure:3438: gcc    conftest.c  >&5
configure:3442: $? = 0
configure:3490: result: yes
configure:3493: checking for C compiler default output file name
configure:3495: result: a.out
configure:3501: checking for suffix of executables
configure:3508: gcc -o conftest    conftest.c  >&5
configure:3512: $? = 0
configure:3534: result: 
configure:3556: checking whether we are cross compiling
configure:3564: gcc -o conftest    conftest.c  >&5
configure:3568: $? = 0
configure:3575: ./conftest
configure:3579: $? = 0
configure:3594: result: no
configure:3599: checking for suffix of object files
configure:3621: gcc -c   conftest.c >&5
configure:3625: $? = 0
configure:3646: result: o
configure:3650: checking whether we are using the GNU C compiler
configure:3669: gcc -c   conftest.c >&5
configure:3669: $? = 0
configure:3678: result: yes
configure:3687: checking whether gcc accepts -g
configure:3707: gcc -c -g  conftest.c >&5
configure:3707: $? = 0
configure:3748: result: yes
configure:3765: checking for gcc option to accept ISO C89
configure:3828: gcc  -c -g -O2  conftest.c >&5
configure:3828: $? = 0
configure:3841: result: none needed
configure:3872: checking for style of include used by make
configure:3900: result: GNU
configure:3926: checking dependency style of gcc
configure:4037: result: gcc3
configure:4117: checking for mpiifort
configure:4133: found /apps/intel/impi/5.1.1.109/intel64/bin/mpiifort
configure:4144: result: mpiifort
configure:4170: checking for Fortran compiler version
configure:4179: mpiifort --version >&5
ifort (IFORT) 15.0.1 20141023
Copyright (C) 1985-2014 Intel Corporation.  All rights reserved.

configure:4190: $? = 0
configure:4179: mpiifort -v >&5
mpiifort for the Intel(R) MPI Library 5.1.1 for Linux*
Copyright(C) 2003-2015, Intel Corporation.  All rights reserved.
ifort version 15.0.1
configure:4190: $? = 0
configure:4179: mpiifort -V >&5
Intel(R) Fortran Intel(R) 64 Compiler XE for applications running on Intel(R) 64, Version 15.0.1.133 Build 20141023
Copyright (C) 1985-2014 Intel Corporation.  All rights reserved.

configure:4190: $? = 0
configure:4179: mpiifort -qversion >&5
ifort: command line warning #10006: ignoring unknown option '-qversion'
/apps/intel/composer_xe_2015.1.133/compiler/lib/intel64/for_main.o: In function `main':
/export/users/nbtester/efi2linux_nightly/branch-15_0/20141024_000000/libdev/frtl/src/libfor/for_main.c:(.text+0x2a): undefined reference to `MAIN__'
configure:4190: $? = 1
configure:4199: checking whether we are using the GNU Fortran compiler
configure:4212: mpiifort -c  -g -traceback -fp-model precise -O2 -fPIC -assume realloc_lhs -m64 -mcmodel=small -threads  -openmp -I/scratch4/NCEPDEV/nems/noscrub/emc.nemspara/soft/esmf/7.1.0r/mod -I/scratch4/NCEPDEV/nems/noscrub/emc.nemspara/soft/esmf/7.1.0r/include -I/apps/netcdf/4.3.0-intel/include -DESMF_NO_INTEGER_1_BYTE -DESMF_NO_INTEGER_2_BYTE -DESMF_LAPACK=1 -DESMF_LAPACK_INTERNAL=1 -DESMF_MOAB=1 -DESMF_NO_ACC_SOFTWARE_STACK=1 -DESMF_NETCDF=1 -DESMF_PIO=1 -DESMF_MPIIO -DESMF_NO_OPENACC -DESMF_TESTCOMPTUNNEL -DSx86_64_small=1 -DESMF_OS_Linux=1  conftest.F >&5
conftest.F(3): error #5082: Syntax error, found END-OF-STATEMENT when expecting one of: ( % [ : . = =>
       choke me
---------------^
conftest.F(3): error #6218: This statement is positioned incorrectly and/or has syntax errors.
       choke me
---------------^
compilation aborted for conftest.F (code 1)
configure:4212: $? = 1
configure: failed program was:
|       program main
| #ifndef __GNUC__
|        choke me
| #endif
| 
|       end
configure:4221: result: no
configure:4227: checking whether mpiifort accepts -g
configure:4238: mpiifort -c -g  conftest.f >&5
configure:4238: $? = 0
configure:4246: result: yes
configure:4504: checking compiler for -fp-model option...
configure:4518: mpiifort -c -fp-model precise  -g -traceback -fp-model precise -O2 -fPIC -assume realloc_lhs -m64 -mcmodel=small -threads  -openmp -I/scratch4/NCEPDEV/nems/noscrub/emc.nemspara/soft/esmf/7.1.0r/mod -I/scratch4/NCEPDEV/nems/noscrub/emc.nemspara/soft/esmf/7.1.0r/include -I/apps/netcdf/4.3.0-intel/include -DESMF_NO_INTEGER_1_BYTE -DESMF_NO_INTEGER_2_BYTE -DESMF_LAPACK=1 -DESMF_LAPACK_INTERNAL=1 -DESMF_MOAB=1 -DESMF_NO_ACC_SOFTWARE_STACK=1 -DESMF_NETCDF=1 -DESMF_PIO=1 -DESMF_MPIIO -DESMF_NO_OPENACC -DESMF_TESTCOMPTUNNEL -DSx86_64_small=1 -DESMF_OS_Linux=1  conftest.f >&5
configure:4518: $? = 0
configure:4519: result: adding -fp-model precise option for results consistency
configure:4579: checking for ranlib
configure:4595: found /bin/ranlib
configure:4606: result: ranlib
configure:4638: checking how to run the C preprocessor
configure:4669: gcc -E  conftest.c
configure:4669: $? = 0
configure:4683: gcc -E  conftest.c
conftest.c:11:28: fatal error: ac_nonexistent.h: No such file or directory
 #include <ac_nonexistent.h>
                            ^
compilation terminated.
configure:4683: $? = 1
configure: failed program was:
| /* confdefs.h */
| #define PACKAGE_NAME "gsdchem"
| #define PACKAGE_TARNAME "gsdchem"
| #define PACKAGE_VERSION "0.1"
| #define PACKAGE_STRING "gsdchem 0.1"
| #define PACKAGE_BUGREPORT "raffaele.montuoro@noaa.gov"
| #define PACKAGE_URL ""
| #define PACKAGE "gsdchem"
| #define VERSION "0.1"
| /* end confdefs.h.  */
| #include <ac_nonexistent.h>
configure:4708: result: gcc -E
configure:4728: gcc -E  conftest.c
configure:4728: $? = 0
configure:4742: gcc -E  conftest.c
conftest.c:11:28: fatal error: ac_nonexistent.h: No such file or directory
 #include <ac_nonexistent.h>
                            ^
compilation terminated.
configure:4742: $? = 1
configure: failed program was:
| /* confdefs.h */
| #define PACKAGE_NAME "gsdchem"
| #define PACKAGE_TARNAME "gsdchem"
| #define PACKAGE_VERSION "0.1"
| #define PACKAGE_STRING "gsdchem 0.1"
| #define PACKAGE_BUGREPORT "raffaele.montuoro@noaa.gov"
| #define PACKAGE_URL ""
| #define PACKAGE "gsdchem"
| #define VERSION "0.1"
| /* end confdefs.h.  */
| #include <ac_nonexistent.h>
configure:4771: checking for egrep
configure:4833: result: /bin/grep -E
configure:4838: checking for ANSI C header files
configure:4858: gcc -c -g -O2  conftest.c >&5
configure:4858: $? = 0
configure:4931: gcc -o conftest -g -O2   conftest.c  >&5
configure:4931: $? = 0
configure:4931: ./conftest
configure:4931: $? = 0
configure:4942: result: yes
configure:4955: checking for sys/types.h
configure:4955: gcc -c -g -O2  conftest.c >&5
configure:4955: $? = 0
configure:4955: result: yes
configure:4955: checking for sys/stat.h
configure:4955: gcc -c -g -O2  conftest.c >&5
configure:4955: $? = 0
configure:4955: result: yes
configure:4955: checking for stdlib.h
configure:4955: gcc -c -g -O2  conftest.c >&5
configure:4955: $? = 0
configure:4955: result: yes
configure:4955: checking for string.h
configure:4955: gcc -c -g -O2  conftest.c >&5
configure:4955: $? = 0
configure:4955: result: yes
configure:4955: checking for memory.h
configure:4955: gcc -c -g -O2  conftest.c >&5
configure:4955: $? = 0
configure:4955: result: yes
configure:4955: checking for strings.h
configure:4955: gcc -c -g -O2  conftest.c >&5
configure:4955: $? = 0
configure:4955: result: yes
configure:4955: checking for inttypes.h
configure:4955: gcc -c -g -O2  conftest.c >&5
configure:4955: $? = 0
configure:4955: result: yes
configure:4955: checking for stdint.h
configure:4955: gcc -c -g -O2  conftest.c >&5
configure:4955: $? = 0
configure:4955: result: yes
configure:4955: checking for unistd.h
configure:4955: gcc -c -g -O2  conftest.c >&5
configure:4955: $? = 0
configure:4955: result: yes
configure:4970: checking for stdlib.h
configure:4970: result: yes
configure:4970: checking for string.h
configure:4970: result: yes
configure:4970: checking for unistd.h
configure:4970: result: yes
configure:4982: checking for stdbool.h that conforms to C99
configure:5049: gcc -c -g -O2  conftest.c >&5
configure:5049: $? = 0
configure:5056: result: yes
configure:5058: checking for _Bool
configure:5058: gcc -c -g -O2  conftest.c >&5
configure:5058: $? = 0
configure:5058: gcc -c -g -O2  conftest.c >&5
conftest.c: In function 'main':
conftest.c:60:20: error: expected expression before ')' token
 if (sizeof ((_Bool)))
                    ^
configure:5058: $? = 1
configure: failed program was:
| /* confdefs.h */
| #define PACKAGE_NAME "gsdchem"
| #define PACKAGE_TARNAME "gsdchem"
| #define PACKAGE_VERSION "0.1"
| #define PACKAGE_STRING "gsdchem 0.1"
| #define PACKAGE_BUGREPORT "raffaele.montuoro@noaa.gov"
| #define PACKAGE_URL ""
| #define PACKAGE "gsdchem"
| #define VERSION "0.1"
| #define STDC_HEADERS 1
| #define HAVE_SYS_TYPES_H 1
| #define HAVE_SYS_STAT_H 1
| #define HAVE_STDLIB_H 1
| #define HAVE_STRING_H 1
| #define HAVE_MEMORY_H 1
| #define HAVE_STRINGS_H 1
| #define HAVE_INTTYPES_H 1
| #define HAVE_STDINT_H 1
| #define HAVE_UNISTD_H 1
| #define HAVE_STDLIB_H 1
| #define HAVE_STRING_H 1
| #define HAVE_UNISTD_H 1
| /* end confdefs.h.  */
| #include <stdio.h>
| #ifdef HAVE_SYS_TYPES_H
| # include <sys/types.h>
| #endif
| #ifdef HAVE_SYS_STAT_H
| # include <sys/stat.h>
| #endif
| #ifdef STDC_HEADERS
| # include <stdlib.h>
| # include <stddef.h>
| #else
| # ifdef HAVE_STDLIB_H
| #  include <stdlib.h>
| # endif
| #endif
| #ifdef HAVE_STRING_H
| # if !defined STDC_HEADERS && defined HAVE_MEMORY_H
| #  include <memory.h>
| # endif
| # include <string.h>
| #endif
| #ifdef HAVE_STRINGS_H
| # include <strings.h>
| #endif
| #ifdef HAVE_INTTYPES_H
| # include <inttypes.h>
| #endif
| #ifdef HAVE_STDINT_H
| # include <stdint.h>
| #endif
| #ifdef HAVE_UNISTD_H
| # include <unistd.h>
| #endif
| int
| main ()
| {
| if (sizeof ((_Bool)))
| 	    return 0;
|   ;
|   return 0;
| }
configure:5058: result: yes
configure:5069: checking for pid_t
configure:5069: gcc -c -g -O2  conftest.c >&5
configure:5069: $? = 0
configure:5069: gcc -c -g -O2  conftest.c >&5
conftest.c: In function 'main':
conftest.c:61:20: error: expected expression before ')' token
 if (sizeof ((pid_t)))
                    ^
configure:5069: $? = 1
configure: failed program was:
| /* confdefs.h */
| #define PACKAGE_NAME "gsdchem"
| #define PACKAGE_TARNAME "gsdchem"
| #define PACKAGE_VERSION "0.1"
| #define PACKAGE_STRING "gsdchem 0.1"
| #define PACKAGE_BUGREPORT "raffaele.montuoro@noaa.gov"
| #define PACKAGE_URL ""
| #define PACKAGE "gsdchem"
| #define VERSION "0.1"
| #define STDC_HEADERS 1
| #define HAVE_SYS_TYPES_H 1
| #define HAVE_SYS_STAT_H 1
| #define HAVE_STDLIB_H 1
| #define HAVE_STRING_H 1
| #define HAVE_MEMORY_H 1
| #define HAVE_STRINGS_H 1
| #define HAVE_INTTYPES_H 1
| #define HAVE_STDINT_H 1
| #define HAVE_UNISTD_H 1
| #define HAVE_STDLIB_H 1
| #define HAVE_STRING_H 1
| #define HAVE_UNISTD_H 1
| #define HAVE__BOOL 1
| /* end confdefs.h.  */
| #include <stdio.h>
| #ifdef HAVE_SYS_TYPES_H
| # include <sys/types.h>
| #endif
| #ifdef HAVE_SYS_STAT_H
| # include <sys/stat.h>
| #endif
| #ifdef STDC_HEADERS
| # include <stdlib.h>
| # include <stddef.h>
| #else
| # ifdef HAVE_STDLIB_H
| #  include <stdlib.h>
| # endif
| #endif
| #ifdef HAVE_STRING_H
| # if !defined STDC_HEADERS && defined HAVE_MEMORY_H
| #  include <memory.h>
| # endif
| # include <string.h>
| #endif
| #ifdef HAVE_STRINGS_H
| # include <strings.h>
| #endif
| #ifdef HAVE_INTTYPES_H
| # include <inttypes.h>
| #endif
| #ifdef HAVE_STDINT_H
| # include <stdint.h>
| #endif
| #ifdef HAVE_UNISTD_H
| # include <unistd.h>
| #endif
| int
| main ()
| {
| if (sizeof ((pid_t)))
| 	    return 0;
|   ;
|   return 0;
| }
configure:5069: result: yes
configure:5085: checking for bzero
configure:5085: gcc -o conftest -g -O2   conftest.c  >&5
conftest.c:48:6: warning: conflicting types for built-in function 'bzero' [enabled by default]
 char bzero ();
      ^
configure:5085: $? = 0
configure:5085: result: yes
configure:5085: checking for clock_gettime
configure:5085: gcc -o conftest -g -O2   conftest.c  >&5
configure:5085: $? = 0
configure:5085: result: yes
configure:5085: checking for strerror
configure:5085: gcc -o conftest -g -O2   conftest.c  >&5
configure:5085: $? = 0
configure:5085: result: yes
configure:5208: checking that generated files are newer than configure
configure:5214: result: done
configure:5237: creating ./config.status

## ---------------------- ##
## Running config.status. ##
## ---------------------- ##

This file was extended by gsdchem config.status 0.1, which was
generated by GNU Autoconf 2.69.  Invocation command line was

  CONFIG_FILES    = 
  CONFIG_HEADERS  = 
  CONFIG_LINKS    = 
  CONFIG_COMMANDS = 
  $ ./config.status 

on tfe03

config.status:883: creating Makefile
config.status:883: creating src/Makefile
config.status:883: creating src/chem/Makefile
config.status:883: creating src/chem/shr/Makefile
config.status:883: creating src/chem/gocart/Makefile
config.status:883: creating src/chem/plume/Makefile
config.status:883: creating src/chem/vash/Makefile
config.status:883: creating src/chem/seas/Makefile
config.status:883: creating src/chem/dust/Makefile
config.status:883: creating src/chem/aero/Makefile
config.status:883: creating src/chem/dep/Makefile
config.status:883: creating src/chem/opt/Makefile
config.status:883: creating config.h
config.status:1112: executing depfiles commands

## ---------------- ##
## Cache variables. ##
## ---------------- ##

ac_cv_c_compiler_gnu=yes
ac_cv_env_CC_set=
ac_cv_env_CC_value=
ac_cv_env_CFLAGS_set=
ac_cv_env_CFLAGS_value=
ac_cv_env_CPPFLAGS_set=
ac_cv_env_CPPFLAGS_value=
ac_cv_env_CPP_set=
ac_cv_env_CPP_value=
ac_cv_env_FCFLAGS_set=
ac_cv_env_FCFLAGS_value=
ac_cv_env_FC_set=
ac_cv_env_FC_value=
ac_cv_env_LDFLAGS_set=
ac_cv_env_LDFLAGS_value=
ac_cv_env_LIBS_set=
ac_cv_env_LIBS_value=
ac_cv_env_build_alias_set=
ac_cv_env_build_alias_value=
ac_cv_env_host_alias_set=
ac_cv_env_host_alias_value=
ac_cv_env_target_alias_set=
ac_cv_env_target_alias_value=
ac_cv_fc_compiler_gnu=no
ac_cv_file__scratch4_NCEPDEV_nems_noscrub_emc_nemspara_soft_esmf_7_1_0r_lib_esmf_mk=yes
ac_cv_func_bzero=yes
ac_cv_func_clock_gettime=yes
ac_cv_func_strerror=yes
ac_cv_header_inttypes_h=yes
ac_cv_header_memory_h=yes
ac_cv_header_stdbool_h=yes
ac_cv_header_stdc=yes
ac_cv_header_stdint_h=yes
ac_cv_header_stdlib_h=yes
ac_cv_header_string_h=yes
ac_cv_header_strings_h=yes
ac_cv_header_sys_stat_h=yes
ac_cv_header_sys_types_h=yes
ac_cv_header_unistd_h=yes
ac_cv_objext=o
ac_cv_path_CUT=/bin/cut
ac_cv_path_EGREP='/bin/grep -E'
ac_cv_path_GREP=/bin/grep
ac_cv_path_SED=/bin/sed
ac_cv_path_install='/bin/install -c'
ac_cv_path_mkdir=/bin/mkdir
ac_cv_prog_AWK=gawk
ac_cv_prog_CPP='gcc -E'
ac_cv_prog_ac_ct_CC=gcc
ac_cv_prog_ac_ct_FC=mpiifort
ac_cv_prog_ac_ct_RANLIB=ranlib
ac_cv_prog_cc_c89=
ac_cv_prog_cc_g=yes
ac_cv_prog_fc_g=yes
ac_cv_prog_make_make_set=yes
ac_cv_type__Bool=yes
ac_cv_type_pid_t=yes
am_cv_CC_dependencies_compiler_type=gcc3
am_cv_make_support_nested_variables=yes

## ----------------- ##
## Output variables. ##
## ----------------- ##

ACLOCAL='${SHELL} /home/Kate.Zhang/fim1/EMC_FV3/EMC_FV3GFS-GSDCHEM/GSDCHEM/missing aclocal-1.13'
AMDEPBACKSLASH='\'
AMDEP_FALSE='#'
AMDEP_TRUE=''
AMTAR='$${TAR-tar}'
AM_BACKSLASH='\'
AM_DEFAULT_V='$(AM_DEFAULT_VERBOSITY)'
AM_DEFAULT_VERBOSITY='1'
AM_V='$(V)'
AUTOCONF='${SHELL} /home/Kate.Zhang/fim1/EMC_FV3/EMC_FV3GFS-GSDCHEM/GSDCHEM/missing autoconf'
AUTOHEADER='${SHELL} /home/Kate.Zhang/fim1/EMC_FV3/EMC_FV3GFS-GSDCHEM/GSDCHEM/missing autoheader'
AUTOMAKE='${SHELL} /home/Kate.Zhang/fim1/EMC_FV3/EMC_FV3GFS-GSDCHEM/GSDCHEM/missing automake-1.13'
AWK='gawk'
CC='gcc'
CCDEPMODE='depmode=gcc3'
CFLAGS='-g -O2'
CPP='gcc -E'
CPPFLAGS=''
CUT='/bin/cut'
CYGPATH_W='echo'
DEFS='-DHAVE_CONFIG_H'
DEPDIR='.deps'
ECHO_C=''
ECHO_N='-n'
ECHO_T=''
EGREP='/bin/grep -E'
ESMFMKFILE='/scratch4/NCEPDEV/nems/noscrub/emc.nemspara/soft/esmf/7.1.0r/lib/esmf.mk'
EXEEXT=''
FC='mpiifort'
FCFLAGS='-fp-model precise  -g -traceback -fp-model precise -O2 -fPIC -assume realloc_lhs -m64 -mcmodel=small -threads  -openmp -I/scratch4/NCEPDEV/nems/noscrub/emc.nemspara/soft/esmf/7.1.0r/mod -I/scratch4/NCEPDEV/nems/noscrub/emc.nemspara/soft/esmf/7.1.0r/include -I/apps/netcdf/4.3.0-intel/include -DESMF_NO_INTEGER_1_BYTE -DESMF_NO_INTEGER_2_BYTE -DESMF_LAPACK=1 -DESMF_LAPACK_INTERNAL=1 -DESMF_MOAB=1 -DESMF_NO_ACC_SOFTWARE_STACK=1 -DESMF_NETCDF=1 -DESMF_PIO=1 -DESMF_MPIIO -DESMF_NO_OPENACC -DESMF_TESTCOMPTUNNEL -DSx86_64_small=1 -DESMF_OS_Linux=1'
FCLIBS='  -m64 -mcmodel=small -threads -Wl,--no-as-needed  -openmp -L/scratch4/NCEPDEV/nems/noscrub/emc.nemspara/soft/esmf/7.1.0r/lib -L/apps/netcdf/4.3.0-intel/lib  -Wl,-rpath,/scratch4/NCEPDEV/nems/noscrub/emc.nemspara/soft/esmf/7.1.0r/lib  -Wl,-rpath,/apps/netcdf/4.3.0-intel/lib -lesmf  -cxxlib -lrt -ldl -lnetcdff -lnetcdf'
GREP='/bin/grep'
INSTALL_DATA='${INSTALL} -m 644'
INSTALL_PROGRAM='${INSTALL}'
INSTALL_SCRIPT='${INSTALL}'
INSTALL_STRIP_PROGRAM='$(install_sh) -c -s'
LDFLAGS=''
LIBOBJS=''
LIBS=''
LTLIBOBJS=''
MAKEINFO='${SHELL} /home/Kate.Zhang/fim1/EMC_FV3/EMC_FV3GFS-GSDCHEM/GSDCHEM/missing makeinfo'
MKDIR_P='/bin/mkdir -p'
OBJEXT='o'
PACKAGE='gsdchem'
PACKAGE_BUGREPORT='raffaele.montuoro@noaa.gov'
PACKAGE_NAME='gsdchem'
PACKAGE_STRING='gsdchem 0.1'
PACKAGE_TARNAME='gsdchem'
PACKAGE_URL=''
PACKAGE_VERSION='0.1'
PATH_SEPARATOR=':'
RANLIB='ranlib'
SED='/bin/sed'
SET_MAKE=''
SHELL='/bin/sh'
STRIP=''
VERSION='0.1'
ac_ct_CC='gcc'
ac_ct_FC='mpiifort'
am__EXEEXT_FALSE=''
am__EXEEXT_TRUE='#'
am__fastdepCC_FALSE='#'
am__fastdepCC_TRUE=''
am__include='include'
am__isrc=''
am__leading_dot='.'
am__nodep='_no'
am__quote=''
am__tar='$${TAR-tar} chof - "$$tardir"'
am__untar='$${TAR-tar} xf -'
bindir='${exec_prefix}/bin'
build_alias=''
datadir='${datarootdir}'
datarootdir='/home/Kate.Zhang/fim1/EMC_FV3/EMC_FV3GFS-GSDCHEM/GSDCHEM/GSDCHEM_INSTALL'
docdir='${datarootdir}/doc/${PACKAGE_TARNAME}'
dvidir='${docdir}'
exec_prefix='${prefix}'
host_alias=''
htmldir='${docdir}'
includedir='${prefix}/include'
infodir='${datarootdir}/info'
install_sh='${SHELL} /home/Kate.Zhang/fim1/EMC_FV3/EMC_FV3GFS-GSDCHEM/GSDCHEM/install-sh'
libdir='/home/Kate.Zhang/fim1/EMC_FV3/EMC_FV3GFS-GSDCHEM/GSDCHEM/GSDCHEM_INSTALL'
libexecdir='${exec_prefix}/libexec'
localedir='${datarootdir}/locale'
localstatedir='${prefix}/var'
mandir='${datarootdir}/man'
mkdir_p='$(MKDIR_P)'
oldincludedir='/usr/include'
pdfdir='${docdir}'
prefix='/home/Kate.Zhang/fim1/EMC_FV3/EMC_FV3GFS-GSDCHEM/GSDCHEM/GSDCHEM_INSTALL'
program_transform_name='s,x,x,'
psdir='${docdir}'
sbindir='${exec_prefix}/sbin'
sharedstatedir='${prefix}/com'
sysconfdir='${prefix}/etc'
target_alias=''

## ----------- ##
## confdefs.h. ##
## ----------- ##

/* confdefs.h */
#define PACKAGE_NAME "gsdchem"
#define PACKAGE_TARNAME "gsdchem"
#define PACKAGE_VERSION "0.1"
#define PACKAGE_STRING "gsdchem 0.1"
#define PACKAGE_BUGREPORT "raffaele.montuoro@noaa.gov"
#define PACKAGE_URL ""
#define PACKAGE "gsdchem"
#define VERSION "0.1"
#define STDC_HEADERS 1
#define HAVE_SYS_TYPES_H 1
#define HAVE_SYS_STAT_H 1
#define HAVE_STDLIB_H 1
#define HAVE_STRING_H 1
#define HAVE_MEMORY_H 1
#define HAVE_STRINGS_H 1
#define HAVE_INTTYPES_H 1
#define HAVE_STDINT_H 1
#define HAVE_UNISTD_H 1
#define HAVE_STDLIB_H 1
#define HAVE_STRING_H 1
#define HAVE_UNISTD_H 1
#define HAVE__BOOL 1
#define HAVE_BZERO 1
#define HAVE_CLOCK_GETTIME 1
#define HAVE_STRERROR 1

configure: exit 0
